<?xml version="1.0" encoding="UTF-8"?>
<!-- Generated by org.testng.reporters.JUnitReportReporter -->
<testsuite hostname="SANKAPPA" failures="0" tests="14" name="Class2.Case24" time="104.881" errors="0" timestamp="2023-11-11T16:15:30 IST" skipped="0">
  <testcase classname="Class2.Case24" name="Homepage" time="0.146"/>
  <system-out/>
  <testcase classname="Class2.Case24" name="productselect" time="10.384"/>
  <system-out/>
  <testcase classname="Class2.Case24" name="productaddtocart" time="42.255"/>
  <system-out/>
  <testcase classname="Class2.Case24" name="details1" time="4.011"/>
  <system-out/>
  <testcase classname="Class2.Case24" name="details" time="1.492"/>
  <system-out/>
  <testcase classname="Class2.Case24" name="buttons" time="0.437"/>
  <system-out/>
  <testcase classname="Class2.Case24" name="address" time="17.554"/>
  <system-out/>
  <testcase classname="Class2.Case24" name="checkoutitems" time="5.573"/>
  <system-out/>
  <testcase classname="Class2.Case24" name="verifysamederliveryaddress" time="0.089"/>
  <system-out/>
  <testcase classname="Class2.Case24" name="verifysamebillingaddress" time="0.065"/>
  <system-out/>
  <testcase classname="Class2.Case24" name="carddata" time="9.001"/>
  <system-out/>
  <testcase classname="Class2.Case24" name="orderconfirmvisible" time="0.154"/>
  <system-out/>
  <testcase classname="Class2.Case24" name="invoicedown" time="6.411"/>
  <system-out/>
  <testcase classname="Class2.Case24" name="verifylastdetails" time="7.309"/>
  <system-out/>
</testsuite> <!-- Class2.Case24 -->
