<?xml version="1.0" encoding="UTF-8"?>
<!-- Generated by org.testng.reporters.JUnitReportReporter -->
<testsuite hostname="SANKAPPA" failures="0" tests="4" name="Class2.Case2" time="11.395" errors="0" timestamp="2023-11-11T14:40:52 IST" skipped="0">
  <testcase classname="Class2.Case2" name="details" time="8.734"/>
  <system-out/>
  <testcase classname="Class2.Case2" name="testHomePageVisibility" time="0.128"/>
  <system-out/>
  <testcase classname="Class2.Case2" name="testloginVisibility" time="0.150"/>
  <system-out/>
  <testcase classname="Class2.Case2" name="signup" time="2.383"/>
  <system-out/>
</testsuite> <!-- Class2.Case2 -->
