<?xml version="1.0" encoding="UTF-8"?>
<!-- Generated by org.testng.reporters.JUnitReportReporter -->
<testsuite hostname="SANKAPPA" failures="0" tests="7" name="Class2.Class16" time="105.292" errors="0" timestamp="2023-11-11T16:00:59 IST" skipped="0">
  <testcase classname="Class2.Class16" name="details" time="7.998"/>
  <system-out/>
  <testcase classname="Class2.Class16" name="verifylastdetails" time="6.563"/>
  <system-out/>
  <testcase classname="Class2.Class16" name="Homepage" time="0.100"/>
  <system-out/>
  <testcase classname="Class2.Class16" name="productaddtocart" time="21.928"/>
  <system-out/>
  <testcase classname="Class2.Class16" name="signuptest" time="53.560"/>
  <system-out/>
  <testcase classname="Class2.Class16" name="carddata" time="15.019"/>
  <system-out/>
  <testcase classname="Class2.Class16" name="orderconfirmvisible" time="0.124"/>
  <system-out/>
</testsuite> <!-- Class2.Class16 -->
