<?xml version="1.0" encoding="UTF-8"?>
<!-- Generated by org.testng.reporters.JUnitReportReporter -->
<testsuite hostname="SANKAPPA" failures="0" tests="7" name="Class2.Case20" time="31.135" errors="0" timestamp="2023-11-11T16:06:56 IST" skipped="0">
  <testcase classname="Class2.Case20" name="PRODUCTSbutton" time="0.181"/>
  <system-out/>
  <testcase classname="Class2.Case20" name="VERIFYPOLOPRODUCTS" time="7.673"/>
  <system-out/>
  <testcase classname="Class2.Case20" name="productsinput" time="9.634"/>
  <system-out/>
  <testcase classname="Class2.Case20" name="productssearchverify" time="0.095"/>
  <system-out/>
  <testcase classname="Class2.Case20" name="Addingitemstocart" time="4.635"/>
  <system-out/>
  <testcase classname="Class2.Case20" name="logindetails" time="8.827"/>
  <system-out/>
  <testcase classname="Class2.Case20" name="verifyallitemsincart" time="0.090"/>
  <system-out/>
</testsuite> <!-- Class2.Case20 -->
