<?xml version="1.0" encoding="UTF-8"?>
<!-- Generated by org.testng.reporters.JUnitReportReporter -->
<testsuite hostname="SANKAPPA" failures="0" tests="6" name="Class2.Case4" time="9.049" errors="0" timestamp="2023-11-11T14:44:17 IST" skipped="0">
  <testcase classname="Class2.Case4" name="details" time="4.892"/>
  <system-out/>
  <testcase classname="Class2.Case4" name="loginpage" time="0.223"/>
  <system-out/>
  <testcase classname="Class2.Case4" name="testHomePageVisibility" time="0.151"/>
  <system-out/>
  <testcase classname="Class2.Case4" name="signup" time="1.297"/>
  <system-out/>
  <testcase classname="Class2.Case4" name="testloginVisibility" time="0.607"/>
  <system-out/>
  <testcase classname="Class2.Case4" name="logout" time="1.879"/>
  <system-out/>
</testsuite> <!-- Class2.Case4 -->
