<?xml version="1.0" encoding="UTF-8"?>
<!-- Generated by org.testng.reporters.JUnitReportReporter -->
<testsuite hostname="SANKAPPA" failures="0" tests="4" name="Class2.Class22" time="3.369" errors="0" timestamp="2023-11-11T08:23:13 IST" skipped="0">
  <testcase classname="Class2.Class22" name="scroll" time="0.522"/>
  <system-out/>
  <testcase classname="Class2.Class22" name="testrecommendedVisibility" time="0.274"/>
  <system-out/>
  <testcase classname="Class2.Class22" name="addingtocart" time="2.432"/>
  <system-out/>
  <testcase classname="Class2.Class22" name="testaddeditemsVisibility" time="0.141"/>
  <system-out/>
</testsuite> <!-- Class2.Class22 -->
