<?xml version="1.0" encoding="UTF-8"?>
<!-- Generated by org.testng.reporters.JUnitReportReporter -->
<testsuite hostname="SANKAPPA" failures="0" tests="4" name="Class2.Case21" time="44.883" errors="0" timestamp="2023-11-10T20:09:35 IST" skipped="0">
  <testcase classname="Class2.Case21" name="PRODUCTSbutton" time="23.267"/>
  <system-out/>
  <testcase classname="Class2.Case21" name="VERIFYPOLOPRODUCTS" time="20.028"/>
  <system-out/>
  <testcase classname="Class2.Case21" name="verifyreview" time="1.452"/>
  <system-out/>
  <testcase classname="Class2.Case21" name="reviewsuccessmessage" time="0.136"/>
  <system-out/>
</testsuite> <!-- Class2.Case21 -->
