<?xml version="1.0" encoding="UTF-8"?>
<!-- Generated by org.testng.reporters.JUnitReportReporter -->
<testsuite hostname="SANKAPPA" failures="0" tests="5" name="Class2.Case18" time="12.276" errors="0" timestamp="2023-11-11T16:03:45 IST" skipped="0">
  <testcase classname="Class2.Case18" name="Homepage" time="0.125"/>
  <system-out/>
  <testcase classname="Class2.Case18" name="womenCategories" time="1.019"/>
  <system-out/>
  <testcase classname="Class2.Case18" name="womentopscategory" time="6.845"/>
  <system-out/>
  <testcase classname="Class2.Case18" name="menCategories" time="4.205"/>
  <system-out/>
  <testcase classname="Class2.Case18" name="menjeanscategory" time="0.082"/>
  <system-out/>
</testsuite> <!-- Class2.Case18 -->
