<?xml version="1.0" encoding="UTF-8"?>
<!-- Generated by org.testng.reporters.JUnitReportReporter -->
<testsuite hostname="SANKAPPA" failures="0" tests="5" name="Class2.Case6" time="4.659" errors="0" timestamp="2023-11-11T14:48:20 IST" skipped="0">
  <testcase classname="Class2.Case6" name="testHomePageVisibility" time="0.138"/>
  <system-out/>
  <testcase classname="Class2.Case6" name="successmessageVisibility" time="0.557"/>
  <system-out/>
  <testcase classname="Class2.Case6" name="detailsinfo" time="1.688"/>
  <system-out/>
  <testcase classname="Class2.Case6" name="getintouchvisiblity" time="0.203"/>
  <system-out/>
  <testcase classname="Class2.Case6" name="contactushelp" time="2.073"/>
  <system-out/>
</testsuite> <!-- Class2.Case6 -->
