<?xml version="1.0" encoding="UTF-8"?>
<!-- Generated by org.testng.reporters.JUnitReportReporter -->
<testsuite hostname="SANKAPPA" failures="0" tests="4" name="Class2.Class17" time="14.228" errors="0" timestamp="2023-11-11T16:02:36 IST" skipped="0">
  <testcase classname="Class2.Class17" name="removefromcart" time="0.195"/>
  <system-out/>
  <testcase classname="Class2.Class17" name="productaddtocart" time="13.773"/>
  <system-out/>
  <testcase classname="Class2.Class17" name="removeverify" time="0.099"/>
  <system-out/>
  <testcase classname="Class2.Class17" name="Homepage" time="0.161"/>
  <system-out/>
</testsuite> <!-- Class2.Class17 -->
