<?xml version="1.0" encoding="UTF-8"?>
<!-- Generated by org.testng.reporters.JUnitReportReporter -->
<testsuite hostname="SANKAPPA" failures="0" tests="3" name="Class2.Case11" time="7.690" errors="0" timestamp="2023-11-11T15:17:56 IST" skipped="0">
  <testcase classname="Class2.Case11" name="testHomePageVisibility" time="0.168"/>
  <system-out/>
  <testcase classname="Class2.Case11" name="scrolljs" time="7.333"/>
  <system-out/>
  <testcase classname="Class2.Case11" name="testemailsuccessPageVisibility" time="0.189"/>
  <system-out/>
</testsuite> <!-- Class2.Case11 -->
