<?xml version="1.0" encoding="UTF-8"?>
<!-- Generated by org.testng.reporters.JUnitReportReporter -->
<testsuite hostname="SANKAPPA" failures="0" tests="5" name="Class2.Case1" time="23.024" errors="0" timestamp="2023-11-11T14:38:39 IST" skipped="0">
  <testcase classname="Class2.Case1" name="signuptest" time="5.312"/>
  <system-out/>
  <testcase classname="Class2.Case1" name="buttons" time="0.416"/>
  <system-out/>
  <testcase classname="Class2.Case1" name="address" time="15.504"/>
  <system-out/>
  <testcase classname="Class2.Case1" name="Homepage" time="0.259"/>
  <system-out/>
  <testcase classname="Class2.Case1" name="details" time="1.533"/>
  <system-out/>
</testsuite> <!-- Class2.Case1 -->
