<?xml version="1.0" encoding="UTF-8"?>
<!-- Generated by org.testng.reporters.JUnitReportReporter -->
<testsuite hostname="SANKAPPA" failures="0" tests="4" name="Class2.Case26" time="0.654" errors="0" timestamp="2023-11-11T16:10:56 IST" skipped="0">
  <testcase classname="Class2.Case26" name="Homepage" time="0.249"/>
  <system-out/>
  <testcase classname="Class2.Case26" name="scrolljs" time="0.054"/>
  <system-out/>
  <testcase classname="Class2.Case26" name="subscriptionverify" time="0.214"/>
  <system-out/>
  <testcase classname="Class2.Case26" name="verifyhometext" time="0.137"/>
  <system-out/>
</testsuite> <!-- Class2.Case26 -->
