<?xml version="1.0" encoding="UTF-8"?>
<!-- Generated by org.testng.reporters.JUnitReportReporter -->
<testsuite hostname="SANKAPPA" failures="0" tests="3" name="Class2.Case10" time="1.889" errors="0" timestamp="2023-11-11T15:16:29 IST" skipped="0">
  <testcase classname="Class2.Case10" name="testHomePageVisibility" time="0.121"/>
  <system-out/>
  <testcase classname="Class2.Case10" name="scrolljs" time="1.339"/>
  <system-out/>
  <testcase classname="Class2.Case10" name="testemailsuccessPageVisibility" time="0.429"/>
  <system-out/>
</testsuite> <!-- Class2.Case10 -->
