<?xml version="1.0" encoding="UTF-8"?>
<!-- Generated by org.testng.reporters.JUnitReportReporter -->
<testsuite hostname="SANKAPPA" failures="0" tests="2" name="Class2.Class7" time="1.589" errors="0" timestamp="2023-11-11T14:49:40 IST" skipped="0">
  <testcase classname="Class2.Class7" name="Testcase" time="0.298"/>
  <system-out/>
  <testcase classname="Class2.Class7" name="testHomePageVisibility" time="1.291"/>
  <system-out/>
</testsuite> <!-- Class2.Class7 -->
