<?xml version="1.0" encoding="UTF-8"?>
<!-- Generated by org.testng.reporters.JUnitReportReporter -->
<testsuite hostname="SANKAPPA" failures="0" tests="4" name="Class2.Case19" time="18.010" errors="0" timestamp="2023-11-11T16:05:07 IST" skipped="0">
  <testcase classname="Class2.Case19" name="POLOPRODUCTS" time="13.249"/>
  <system-out/>
  <testcase classname="Class2.Case19" name="VERIFYPOLOPRODUCTS" time="0.398"/>
  <system-out/>
  <testcase classname="Class2.Case19" name="HMPRODUCTS" time="4.237"/>
  <system-out/>
  <testcase classname="Class2.Case19" name="verifyHMPRODUCTS" time="0.126"/>
  <system-out/>
</testsuite> <!-- Class2.Case19 -->
