<?xml version="1.0" encoding="UTF-8"?>
<!-- Generated by org.testng.reporters.JUnitReportReporter -->
<testsuite hostname="SANKAPPA" failures="0" tests="7" name="Class2.Case13" time="16.072" errors="0" timestamp="2023-11-11T15:39:07 IST" skipped="0">
  <testcase classname="Class2.Case13" name="testHomePageVisibility" time="0.210"/>
  <system-out/>
  <testcase classname="Class2.Case13" name="productselect" time="10.879"/>
  <system-out/>
  <testcase classname="Class2.Case13" name="testproductdetailsVisibility" time="0.115"/>
  <system-out/>
  <testcase classname="Class2.Case13" name="quantity" time="0.389"/>
  <system-out/>
  <testcase classname="Class2.Case13" name="addcartvisible" time="4.257"/>
  <system-out/>
  <testcase classname="Class2.Case13" name="itemVisibilityincart" time="0.130"/>
  <system-out/>
  <testcase classname="Class2.Case13" name="itemquantityVisibilityincart" time="0.092"/>
  <system-out/>
</testsuite> <!-- Class2.Case13 -->
