<?xml version="1.0" encoding="UTF-8"?>
<!-- Generated by org.testng.reporters.JUnitReportReporter -->
<testsuite hostname="SANKAPPA" failures="0" tests="3" name="Class2.Case25" time="1.311" errors="0" timestamp="2023-11-11T16:12:37 IST" skipped="0">
  <testcase classname="Class2.Case25" name="Homepage" time="0.209"/>
  <system-out/>
  <testcase classname="Class2.Case25" name="scrolljs" time="0.466"/>
  <system-out/>
  <testcase classname="Class2.Case25" name="verifyhometext" time="0.636"/>
  <system-out/>
</testsuite> <!-- Class2.Case25 -->
