<?xml version="1.0" encoding="UTF-8"?>
<!-- Generated by org.testng.reporters.JUnitReportReporter -->
<testsuite hostname="SANKAPPA" failures="0" tests="9" name="Class2.Case15" time="121.118" errors="0" timestamp="2023-11-11T15:48:55 IST" skipped="0">
  <testcase classname="Class2.Case15" name="productaddtocart" time="20.833"/>
  <system-out/>
  <testcase classname="Class2.Case15" name="signuptest" time="29.368"/>
  <system-out/>
  <testcase classname="Class2.Case15" name="orderconfirmvisible" time="0.079"/>
  <system-out/>
  <testcase classname="Class2.Case15" name="carddata" time="10.024"/>
  <system-out/>
  <testcase classname="Class2.Case15" name="details" time="1.343"/>
  <system-out/>
  <testcase classname="Class2.Case15" name="address" time="46.917"/>
  <system-out/>
  <testcase classname="Class2.Case15" name="verifylastdetails" time="12.065"/>
  <system-out/>
  <testcase classname="Class2.Case15" name="Homepage" time="0.085"/>
  <system-out/>
  <testcase classname="Class2.Case15" name="buttons" time="0.404"/>
  <system-out/>
</testsuite> <!-- Class2.Case15 -->
