<?xml version="1.0" encoding="UTF-8"?>
<!-- Generated by org.testng.reporters.JUnitReportReporter -->
<testsuite hostname="SANKAPPA" failures="0" tests="5" name="Class2.Case3" time="5.164" errors="0" timestamp="2023-11-11T14:43:26 IST" skipped="0">
  <testcase classname="Class2.Case3" name="emailorpasswordincorrect" time="0.084"/>
  <system-out/>
  <testcase classname="Class2.Case3" name="testloginVisibility" time="0.351"/>
  <system-out/>
  <testcase classname="Class2.Case3" name="details" time="2.367"/>
  <system-out/>
  <testcase classname="Class2.Case3" name="testHomePageVisibility" time="0.138"/>
  <system-out/>
  <testcase classname="Class2.Case3" name="signup" time="2.224"/>
  <system-out/>
</testsuite> <!-- Class2.Case3 -->
