<?xml version="1.0" encoding="UTF-8"?>
<!-- Generated by org.testng.reporters.JUnitReportReporter -->
<testsuite hostname="SANKAPPA" failures="0" tests="5" name="Class2.Case5" time="5.116" errors="0" timestamp="2023-11-11T14:47:32 IST" skipped="0">
  <testcase classname="Class2.Case5" name="details" time="2.417"/>
  <system-out/>
  <testcase classname="Class2.Case5" name="testHomePageVisibility" time="0.133"/>
  <system-out/>
  <testcase classname="Class2.Case5" name="ISNEWUSERSIGNUPVisibility" time="0.093"/>
  <system-out/>
  <testcase classname="Class2.Case5" name="signup" time="2.266"/>
  <system-out/>
  <testcase classname="Class2.Case5" name="emailalreadyexist" time="0.207"/>
  <system-out/>
</testsuite> <!-- Class2.Case5 -->
